Determining if the pthread_create exist failed with the following output:
Change Dir: /home/nox/catkin_ws/build/CMakeFiles/CMakeTmp

Run Build Command:/usr/bin/make "cmTryCompileExec625048090/fast"
/usr/bin/make -f CMakeFiles/cmTryCompileExec625048090.dir/build.make CMakeFiles/cmTryCompileExec625048090.dir/build
make[1]: Entering directory `/home/nox/catkin_ws/build/CMakeFiles/CMakeTmp'
/usr/bin/cmake -E cmake_progress_report /home/nox/catkin_ws/build/CMakeFiles/CMakeTmp/CMakeFiles 1
Building C object CMakeFiles/cmTryCompileExec625048090.dir/CheckSymbolExists.c.o
/usr/bin/cc    -o CMakeFiles/cmTryCompileExec625048090.dir/CheckSymbolExists.c.o   -c /home/nox/catkin_ws/build/CMakeFiles/CMakeTmp/CheckSymbolExists.c
Linking C executable cmTryCompileExec625048090
/usr/bin/cmake -E cmake_link_script CMakeFiles/cmTryCompileExec625048090.dir/link.txt --verbose=1
/usr/bin/cc       CMakeFiles/cmTryCompileExec625048090.dir/CheckSymbolExists.c.o  -o cmTryCompileExec625048090 -rdynamic 
CMakeFiles/cmTryCompileExec625048090.dir/CheckSymbolExists.c.o: In function `main':
CheckSymbolExists.c:(.text+0x16): undefined reference to `pthread_create'
collect2: error: ld returned 1 exit status
make[1]: Leaving directory `/home/nox/catkin_ws/build/CMakeFiles/CMakeTmp'
make[1]: *** [cmTryCompileExec625048090] Error 1
make: *** [cmTryCompileExec625048090/fast] Error 2

File /home/nox/catkin_ws/build/CMakeFiles/CMakeTmp/CheckSymbolExists.c:
/* */
#include <pthread.h>

int main(int argc, char** argv)
{
  (void)argv;
#ifndef pthread_create
  return ((int*)(&pthread_create))[argc];
#else
  (void)argc;
  return 0;
#endif
}

Determining if the function pthread_create exists in the pthreads failed with the following output:
Change Dir: /home/nox/catkin_ws/build/CMakeFiles/CMakeTmp

Run Build Command:/usr/bin/make "cmTryCompileExec2466349761/fast"
/usr/bin/make -f CMakeFiles/cmTryCompileExec2466349761.dir/build.make CMakeFiles/cmTryCompileExec2466349761.dir/build
make[1]: Entering directory `/home/nox/catkin_ws/build/CMakeFiles/CMakeTmp'
/usr/bin/cmake -E cmake_progress_report /home/nox/catkin_ws/build/CMakeFiles/CMakeTmp/CMakeFiles 1
Building C object CMakeFiles/cmTryCompileExec2466349761.dir/CheckFunctionExists.c.o
/usr/bin/cc   -DCHECK_FUNCTION_EXISTS=pthread_create   -o CMakeFiles/cmTryCompileExec2466349761.dir/CheckFunctionExists.c.o   -c /usr/share/cmake-2.8/Modules/CheckFunctionExists.c
Linking C executable cmTryCompileExec2466349761
/usr/bin/cmake -E cmake_link_script CMakeFiles/cmTryCompileExec2466349761.dir/link.txt --verbose=1
/usr/bin/cc   -DCHECK_FUNCTION_EXISTS=pthread_create    CMakeFiles/cmTryCompileExec2466349761.dir/CheckFunctionExists.c.o  -o cmTryCompileExec2466349761 -rdynamic -lpthreads 
/usr/bin/ld: cannot find -lpthreads
collect2: error: ld returned 1 exit status
make[1]: Leaving directory `/home/nox/catkin_ws/build/CMakeFiles/CMakeTmp'
make[1]: *** [cmTryCompileExec2466349761] Error 1
make: *** [cmTryCompileExec2466349761/fast] Error 2


